[32minfo[39m: Logger Initialised {"errors":{"_errors":[]},"requestTimeStamp":"2022-05-06T15:19:10.841Z","userId":""}
[32minfo[39m: Initialising express server {"errors":{"_errors":[]},"requestTimeStamp":"2022-05-06T15:19:10.841Z","userId":""}
[32minfo[39m: Logger Initialised {"errors":{"_errors":[]},"requestTimeStamp":"2022-05-06T15:21:07.822Z","userId":""}
[32minfo[39m: Initialising express server {"errors":{"_errors":[]},"requestTimeStamp":"2022-05-06T15:21:07.822Z","userId":""}
[31merror[39m: {7001} - {Unabe to run express server} - {We have ecnountered unkown error in running REST service using express server, please try again. If problem persists please contact support with correlation id.} {"error":{"_categories":["Unknown"],"_code":7001,"_description":"We have ecnountered unkown error in running REST service using express server, please try again. If problem persists please contact support with correlation id.","_name":"Unabe to run express server"},"errorMetaData":{"source":"bootstrap"},"errors":{"_errors":[{"_categories":["Unknown"],"_code":7001,"_description":"We have ecnountered unkown error in running REST service using express server, please try again. If problem persists please contact support with correlation id.","_name":"Unabe to run express server"}]},"exception":{},"requestTimeStamp":"2022-05-06T15:21:07.822Z","userId":""}
[32minfo[39m: Logger Initialised {"errors":{"_errors":[]},"requestTimeStamp":"2022-05-06T15:21:25.612Z","userId":""}
[32minfo[39m: Initialising express server {"errors":{"_errors":[]},"requestTimeStamp":"2022-05-06T15:21:25.612Z","userId":""}
[31merror[39m: {7001} - {Unabe to run express server} - {We have ecnountered unkown error in running REST service using express server, please try again. If problem persists please contact support with correlation id.} {"error":{"_categories":["Unknown"],"_code":7001,"_description":"We have ecnountered unkown error in running REST service using express server, please try again. If problem persists please contact support with correlation id.","_name":"Unabe to run express server"},"errorMetaData":{"source":"bootstrap"},"errors":{"_errors":[{"_categories":["Unknown"],"_code":7001,"_description":"We have ecnountered unkown error in running REST service using express server, please try again. If problem persists please contact support with correlation id.","_name":"Unabe to run express server"}]},"exception":{},"requestTimeStamp":"2022-05-06T15:21:25.612Z","userId":""}
[32minfo[39m: Logger Initialised {"errors":{"_errors":[]},"requestTimeStamp":"2022-05-06T15:21:48.139Z","userId":""}
[32minfo[39m: Initialising express server {"errors":{"_errors":[]},"requestTimeStamp":"2022-05-06T15:21:48.139Z","userId":""}
[32minfo[39m: Logger Initialised {"errors":{"_errors":[]},"requestTimeStamp":"2022-05-06T15:22:39.906Z","userId":""}
[32minfo[39m: Initialising express server {"errors":{"_errors":[]},"requestTimeStamp":"2022-05-06T15:22:39.906Z","userId":""}
[31merror[39m: {7001} - {Unabe to run express server} - {We have ecnountered unkown error in running REST service using express server, please try again. If problem persists please contact support with correlation id.} {"error":{"_categories":["Unknown"],"_code":7001,"_description":"We have ecnountered unkown error in running REST service using express server, please try again. If problem persists please contact support with correlation id.","_name":"Unabe to run express server"},"errorMetaData":{"source":"bootstrap"},"errors":{"_errors":[{"_categories":["Unknown"],"_code":7001,"_description":"We have ecnountered unkown error in running REST service using express server, please try again. If problem persists please contact support with correlation id.","_name":"Unabe to run express server"}]},"exception":{},"requestTimeStamp":"2022-05-06T15:22:39.906Z","userId":""}
[32minfo[39m: Logger Initialised {"errors":{"_errors":[]},"requestTimeStamp":"2022-05-06T15:24:18.555Z","userId":""}
[32minfo[39m: Initialising express server {"errors":{"_errors":[]},"requestTimeStamp":"2022-05-06T15:24:18.555Z","userId":""}
[32minfo[39m: Logger Initialised {"errors":{"_errors":[]},"requestTimeStamp":"2022-05-06T15:25:35.879Z","userId":""}
[32minfo[39m: Initialising express server {"errors":{"_errors":[]},"requestTimeStamp":"2022-05-06T15:25:35.879Z","userId":""}
[31merror[39m: {7001} - {Error: No controllers have been found! Please ensure that you have register at least one Controller.} - {We have ecnountered unkown error in running REST service using express server, please try again. If problem persists please contact support with correlation id.} {"error":{"_categories":["Unknown"],"_code":7001,"_description":"We have ecnountered unkown error in running REST service using express server, please try again. If problem persists please contact support with correlation id.","_name":{}},"errorMetaData":{"source":"bootstrap"},"errors":{"_errors":[{"_categories":["Unknown"],"_code":7001,"_description":"We have ecnountered unkown error in running REST service using express server, please try again. If problem persists please contact support with correlation id.","_name":{}}]},"exception":{},"requestTimeStamp":"2022-05-06T15:25:35.879Z","userId":""}
[32minfo[39m: Logger Initialised {"errors":{"_errors":[]},"requestTimeStamp":"2022-05-06T15:26:30.021Z","userId":""}
[32minfo[39m: Initialising express server {"errors":{"_errors":[]},"requestTimeStamp":"2022-05-06T15:26:30.021Z","userId":""}
[32minfo[39m: Logger Initialised {"errors":{"_errors":[]},"requestTimeStamp":"2022-05-06T15:26:42.845Z","userId":""}
[32minfo[39m: Initialising express server {"errors":{"_errors":[]},"requestTimeStamp":"2022-05-06T15:26:42.845Z","userId":""}
[32minfo[39m: Logger Initialised {"errors":{"_errors":[]},"requestTimeStamp":"2022-05-06T15:27:53.065Z","userId":""}
[32minfo[39m: Initialising express server {"errors":{"_errors":[]},"requestTimeStamp":"2022-05-06T15:27:53.065Z","userId":""}
[32minfo[39m: Logger Initialised {"errors":{"_errors":[]},"requestTimeStamp":"2022-05-06T15:28:24.726Z","userId":""}
[32minfo[39m: Initialising express server {"errors":{"_errors":[]},"requestTimeStamp":"2022-05-06T15:28:24.726Z","userId":""}
[32minfo[39m: Logger Initialised {"errors":{"_errors":[]},"requestTimeStamp":"2022-05-06T15:29:43.385Z","userId":""}
[32minfo[39m: Initialising express server {"errors":{"_errors":[]},"requestTimeStamp":"2022-05-06T15:29:43.385Z","userId":""}
[32minfo[39m: Logger Initialised {"errors":{"_errors":[]},"requestTimeStamp":"2022-05-07T00:16:59.552Z","userId":""}
[32minfo[39m: Initialising express server {"errors":{"_errors":[]},"requestTimeStamp":"2022-05-07T00:16:59.552Z","userId":""}
[32minfo[39m: Logger Initialised {"errors":{"_errors":[]},"requestTimeStamp":"2022-05-07T00:19:36.953Z","userId":""}
[32minfo[39m: Initialising express server {"errors":{"_errors":[]},"requestTimeStamp":"2022-05-07T00:19:36.953Z","userId":""}
[32minfo[39m: Logger Initialised {"errors":{"_errors":[]},"requestTimeStamp":"2022-05-07T00:19:46.635Z","userId":""}
[32minfo[39m: Initialising express server {"errors":{"_errors":[]},"requestTimeStamp":"2022-05-07T00:19:46.635Z","userId":""}
[32minfo[39m: Logger Initialised {"errors":{"_errors":[]},"requestTimeStamp":"2022-05-07T00:20:46.017Z","userId":""}
[32minfo[39m: Initialising express server {"errors":{"_errors":[]},"requestTimeStamp":"2022-05-07T00:20:46.017Z","userId":""}
[32minfo[39m: Logger Initialised {"errors":{"_errors":[]},"requestTimeStamp":"2022-05-07T00:21:34.018Z","userId":""}
[32minfo[39m: Initialising express server {"errors":{"_errors":[]},"requestTimeStamp":"2022-05-07T00:21:34.018Z","userId":""}
[32minfo[39m: Logger Initialised {"errors":{"_errors":[]},"requestTimeStamp":"2022-05-07T00:21:43.142Z","userId":""}
[32minfo[39m: Initialising express server {"errors":{"_errors":[]},"requestTimeStamp":"2022-05-07T00:21:43.142Z","userId":""}
[32minfo[39m: Logger Initialised {"errors":{"_errors":[]},"requestTimeStamp":"2022-05-07T00:25:19.912Z","userId":""}
[32minfo[39m: Initialising express server {"errors":{"_errors":[]},"requestTimeStamp":"2022-05-07T00:25:19.912Z","userId":""}
[32minfo[39m: Booted in: 43 {"errors":{"_errors":[]},"requestTimeStamp":"2022-05-07T00:25:19.912Z","userId":""}
[32minfo[39m: Logger Initialised {"errors":{"_errors":[]},"requestTimeStamp":"2022-05-07T00:26:06.203Z","userId":""}
[32minfo[39m: Initialising express server {"errors":{"_errors":[]},"requestTimeStamp":"2022-05-07T00:26:06.203Z","userId":""}
[32minfo[39m: Booted in: 45 {"errors":{"_errors":[]},"requestTimeStamp":"2022-05-07T00:26:06.203Z","userId":""}
[32minfo[39m: Logger Initialised {"errors":{"_errors":[]},"requestTimeStamp":"2022-05-07T00:27:15.384Z","userId":""}
[32minfo[39m: Initialising express server {"errors":{"_errors":[]},"requestTimeStamp":"2022-05-07T00:27:15.384Z","userId":""}
[32minfo[39m: Booted in: 56 {"errors":{"_errors":[]},"requestTimeStamp":"2022-05-07T00:27:15.384Z","userId":""}
[32minfo[39m: Logger Initialised {"errors":{"_errors":[]},"requestTimeStamp":"2022-05-07T00:30:41.022Z","userId":""}
[32minfo[39m: Initialising express server {"errors":{"_errors":[]},"requestTimeStamp":"2022-05-07T00:30:41.022Z","userId":""}
[32minfo[39m: Booted in: 50 {"errors":{"_errors":[]},"requestTimeStamp":"2022-05-07T00:30:41.022Z","userId":""}
[32minfo[39m: Logger Initialised {"errors":{"_errors":[]},"requestTimeStamp":"2022-05-07T00:30:46.771Z","userId":""}
[32minfo[39m: Initialising express server {"errors":{"_errors":[]},"requestTimeStamp":"2022-05-07T00:30:46.771Z","userId":""}
[32minfo[39m: Booted in: 52 {"errors":{"_errors":[]},"requestTimeStamp":"2022-05-07T00:30:46.771Z","userId":""}
[32minfo[39m: Logger Initialised {"errors":{"_errors":[]},"requestTimeStamp":"2022-05-07T00:30:52.212Z","userId":""}
[32minfo[39m: Initialising express server {"errors":{"_errors":[]},"requestTimeStamp":"2022-05-07T00:30:52.212Z","userId":""}
[32minfo[39m: Booted in: 49 {"errors":{"_errors":[]},"requestTimeStamp":"2022-05-07T00:30:52.212Z","userId":""}
[32minfo[39m: Logger Initialised {"errors":{"_errors":[]},"requestTimeStamp":"2022-05-07T00:31:10.021Z","userId":""}
[32minfo[39m: Initialising express server {"errors":{"_errors":[]},"requestTimeStamp":"2022-05-07T00:31:10.021Z","userId":""}
[32minfo[39m: Booted in: 42 {"errors":{"_errors":[]},"requestTimeStamp":"2022-05-07T00:31:10.021Z","userId":""}
[32minfo[39m: Logger Initialised {"errors":{"_errors":[]},"requestTimeStamp":"2022-05-07T00:32:00.176Z","userId":""}
[32minfo[39m: Initialising express server {"errors":{"_errors":[]},"requestTimeStamp":"2022-05-07T00:32:00.176Z","userId":""}
[32minfo[39m: Booted in: 57 {"errors":{"_errors":[]},"requestTimeStamp":"2022-05-07T00:32:00.176Z","userId":""}
[32minfo[39m: Logger Initialised {"errors":{"_errors":[]},"requestTimeStamp":"2022-05-07T00:32:30.156Z","userId":""}
[32minfo[39m: Initialising express server {"errors":{"_errors":[]},"requestTimeStamp":"2022-05-07T00:32:30.156Z","userId":""}
[32minfo[39m: Booted in: 56 {"errors":{"_errors":[]},"requestTimeStamp":"2022-05-07T00:32:30.156Z","userId":""}
[32minfo[39m: Logger Initialised {"errors":{"_errors":[]},"requestTimeStamp":"2022-05-07T00:33:48.688Z","userId":""}
[32minfo[39m: Initialising express server {"errors":{"_errors":[]},"requestTimeStamp":"2022-05-07T00:33:48.688Z","userId":""}
[32minfo[39m: Booted in: 55 {"errors":{"_errors":[]},"requestTimeStamp":"2022-05-07T00:33:48.688Z","userId":""}
[32minfo[39m: Logger Initialised {"errors":{"_errors":[]},"requestTimeStamp":"2022-05-07T00:42:40.567Z","userId":""}
[32minfo[39m: Initialising express server {"errors":{"_errors":[]},"requestTimeStamp":"2022-05-07T00:42:40.567Z","userId":""}
[32minfo[39m: Booted in: 49 {"errors":{"_errors":[]},"requestTimeStamp":"2022-05-07T00:42:40.567Z","userId":""}
[32minfo[39m: Logger Initialised {"errors":{"_errors":[]},"requestTimeStamp":"2022-05-07T00:43:56.619Z","userId":""}
[32minfo[39m: Initialising express server {"errors":{"_errors":[]},"requestTimeStamp":"2022-05-07T00:43:56.619Z","userId":""}
[32minfo[39m: Booted in: 44 {"errors":{"_errors":[]},"requestTimeStamp":"2022-05-07T00:43:56.619Z","userId":""}
[32minfo[39m: Logger Initialised {"errors":{"_errors":[]},"requestTimeStamp":"2022-05-07T00:44:12.093Z","userId":""}
[32minfo[39m: Initialising express server {"errors":{"_errors":[]},"requestTimeStamp":"2022-05-07T00:44:12.093Z","userId":""}
[32minfo[39m: Booted in: 51 {"errors":{"_errors":[]},"requestTimeStamp":"2022-05-07T00:44:12.093Z","userId":""}
[32minfo[39m: Logger Initialised {"errors":{"_errors":[]},"requestTimeStamp":"2022-05-07T00:44:18.316Z","userId":""}
[32minfo[39m: Initialising express server {"errors":{"_errors":[]},"requestTimeStamp":"2022-05-07T00:44:18.316Z","userId":""}
[32minfo[39m: Booted in: 62 {"errors":{"_errors":[]},"requestTimeStamp":"2022-05-07T00:44:18.316Z","userId":""}
[32minfo[39m: Logger Initialised {"errors":{"_errors":[]},"requestTimeStamp":"2022-05-07T00:46:19.365Z","userId":""}
[32minfo[39m: Initialising express server {"errors":{"_errors":[]},"requestTimeStamp":"2022-05-07T00:46:19.365Z","userId":""}
[32minfo[39m: Booted in: 37 {"errors":{"_errors":[]},"requestTimeStamp":"2022-05-07T00:46:19.365Z","userId":""}
[32minfo[39m: Logger Initialised {"errors":{"_errors":[]},"requestTimeStamp":"2022-05-07T00:46:23.608Z","userId":""}
[32minfo[39m: Initialising express server {"errors":{"_errors":[]},"requestTimeStamp":"2022-05-07T00:46:23.608Z","userId":""}
[32minfo[39m: Booted in: 42 {"errors":{"_errors":[]},"requestTimeStamp":"2022-05-07T00:46:23.608Z","userId":""}
[32minfo[39m: Logger Initialised {"errors":{"_errors":[]},"requestTimeStamp":"2022-05-07T00:47:13.507Z","userId":""}
[32minfo[39m: Initialising express server {"errors":{"_errors":[]},"requestTimeStamp":"2022-05-07T00:47:13.507Z","userId":""}
[32minfo[39m: Booted in: 44 {"errors":{"_errors":[]},"requestTimeStamp":"2022-05-07T00:47:13.507Z","userId":""}
[32minfo[39m: Logger Initialised {"errors":{"_errors":[]},"requestTimeStamp":"2022-05-07T00:47:32.780Z","userId":""}
[32minfo[39m: Initialising express server {"errors":{"_errors":[]},"requestTimeStamp":"2022-05-07T00:47:32.780Z","userId":""}
[32minfo[39m: Booted in: 64 {"errors":{"_errors":[]},"requestTimeStamp":"2022-05-07T00:47:32.780Z","userId":""}
[32minfo[39m: Logger Initialised {"errors":{"_errors":[]},"requestTimeStamp":"2022-05-07T00:48:07.137Z","userId":""}
[32minfo[39m: Initialising express server {"errors":{"_errors":[]},"requestTimeStamp":"2022-05-07T00:48:07.137Z","userId":""}
[32minfo[39m: Booted in: 43ms. {"errors":{"_errors":[]},"requestTimeStamp":"2022-05-07T00:48:07.137Z","userId":""}
[32minfo[39m: Logger Initialised {"errors":{"_errors":[]},"requestTimeStamp":"2022-05-07T00:48:58.783Z","userId":""}
[32minfo[39m: Initialising express server {"errors":{"_errors":[]},"requestTimeStamp":"2022-05-07T00:48:58.783Z","userId":""}
[32minfo[39m: Booted in: 38ms. {"errors":{"_errors":[]},"requestTimeStamp":"2022-05-07T00:48:58.783Z","userId":""}
[32minfo[39m: Logger Initialised {"errors":{"_errors":[]},"requestTimeStamp":"2022-05-07T00:52:28.433Z","userId":""}
[32minfo[39m: Initialising express server {"errors":{"_errors":[]},"requestTimeStamp":"2022-05-07T00:52:28.433Z","userId":""}
[32minfo[39m: Booted in: 50ms. {"errors":{"_errors":[]},"requestTimeStamp":"2022-05-07T00:52:28.433Z","userId":""}
[32minfo[39m: Logger Initialised {"errors":{"_errors":[]},"requestTimeStamp":"2022-05-07T00:53:22.664Z","userId":""}
[32minfo[39m: Initialising express server {"errors":{"_errors":[]},"requestTimeStamp":"2022-05-07T00:53:22.664Z","userId":""}
[32minfo[39m: Booted in: 42ms. {"errors":{"_errors":[]},"requestTimeStamp":"2022-05-07T00:53:22.664Z","userId":""}
[32minfo[39m: Logger Initialised {"errors":{"_errors":[]},"requestTimeStamp":"2022-05-07T00:53:52.868Z","userId":""}
[32minfo[39m: Initialising express server {"errors":{"_errors":[]},"requestTimeStamp":"2022-05-07T00:53:52.868Z","userId":""}
[32minfo[39m: Booted in: 50ms. {"errors":{"_errors":[]},"requestTimeStamp":"2022-05-07T00:53:52.868Z","userId":""}
[32minfo[39m: Logger Initialised {"errors":{"_errors":[]},"requestTimeStamp":"2022-05-07T00:54:38.188Z","userId":""}
[32minfo[39m: Initialising express server {"errors":{"_errors":[]},"requestTimeStamp":"2022-05-07T00:54:38.188Z","userId":""}
[32minfo[39m: Booted in: 50ms. {"errors":{"_errors":[]},"requestTimeStamp":"2022-05-07T00:54:38.188Z","userId":""}
[32minfo[39m: Logger Initialised {"errors":{"_errors":[]},"requestTimeStamp":"2022-05-07T00:55:56.128Z","userId":""}
[32minfo[39m: Initialising express server {"errors":{"_errors":[]},"requestTimeStamp":"2022-05-07T00:55:56.128Z","userId":""}
[32minfo[39m: Booted in: 47ms. {"errors":{"_errors":[]},"requestTimeStamp":"2022-05-07T00:55:56.128Z","userId":""}
[32minfo[39m: Logger Initialised {"errors":{"_errors":[]},"requestTimeStamp":"2022-05-07T00:59:14.964Z","userId":""}
[32minfo[39m: Initialising express server {"errors":{"_errors":[]},"requestTimeStamp":"2022-05-07T00:59:14.964Z","userId":""}
[32minfo[39m: Booted in: 53ms. {"errors":{"_errors":[]},"requestTimeStamp":"2022-05-07T00:59:14.964Z","userId":""}
[32minfo[39m: Logger Initialised {"errors":{"_errors":[]},"requestTimeStamp":"2022-05-07T02:10:01.561Z"}
[32minfo[39m: Initialising express server {"errors":{"_errors":[]},"requestTimeStamp":"2022-05-07T02:10:01.561Z"}
[32minfo[39m: Booted in: 57ms. {"errors":{"_errors":[]},"requestTimeStamp":"2022-05-07T02:10:01.561Z"}
[32minfo[39m: Logger Initialised {"errors":{"_errors":[]},"requestTimeStamp":"2022-05-07T02:10:29.313Z"}
[32minfo[39m: Initialising express server {"errors":{"_errors":[]},"requestTimeStamp":"2022-05-07T02:10:29.313Z"}
[32minfo[39m: Booted in: 46ms. {"errors":{"_errors":[]},"requestTimeStamp":"2022-05-07T02:10:29.313Z"}
[32minfo[39m: Logger Initialised {"errors":{"_errors":[]},"requestTimeStamp":"2022-05-07T02:10:38.329Z"}
[32minfo[39m: Initialising express server {"errors":{"_errors":[]},"requestTimeStamp":"2022-05-07T02:10:38.329Z"}
[32minfo[39m: Booted in: 45ms. {"errors":{"_errors":[]},"requestTimeStamp":"2022-05-07T02:10:38.329Z"}
[32minfo[39m: Logger Initialised {"errors":{"_errors":[]},"requestTimeStamp":"2022-05-07T02:12:24.781Z"}
[32minfo[39m: Initialising express server {"errors":{"_errors":[]},"requestTimeStamp":"2022-05-07T02:12:24.781Z"}
[32minfo[39m: Booted in: 60ms. {"errors":{"_errors":[]},"requestTimeStamp":"2022-05-07T02:12:24.781Z"}
[32minfo[39m: Logger Initialised {"errors":{"_errors":[]},"requestTimeStamp":"2022-05-07T02:13:45.834Z"}
[32minfo[39m: Initialising express server {"errors":{"_errors":[]},"requestTimeStamp":"2022-05-07T02:13:45.834Z"}
[32minfo[39m: Booted in: 58ms. {"errors":{"_errors":[]},"requestTimeStamp":"2022-05-07T02:13:45.834Z"}
[32minfo[39m: Logger Initialised {"errors":{"_errors":[]},"requestTimeStamp":"2022-05-07T02:16:30.696Z"}
[32minfo[39m: Initialising express server {"errors":{"_errors":[]},"requestTimeStamp":"2022-05-07T02:16:30.696Z"}
[32minfo[39m: Booted in: 63ms. {"errors":{"_errors":[]},"requestTimeStamp":"2022-05-07T02:16:30.696Z"}
[32minfo[39m: Logger Initialised {"errors":{"_errors":[]},"requestTimeStamp":"2022-05-07T02:17:56.765Z"}
[32minfo[39m: Initialising express server {"errors":{"_errors":[]},"requestTimeStamp":"2022-05-07T02:17:56.765Z"}
[32minfo[39m: Booted in: 61ms. {"errors":{"_errors":[]},"requestTimeStamp":"2022-05-07T02:17:56.765Z"}
[32minfo[39m: Logger Initialised {"errors":{"_errors":[]},"requestTimeStamp":"2022-05-07T02:19:25.578Z"}
[32minfo[39m: Initialising express server {"errors":{"_errors":[]},"requestTimeStamp":"2022-05-07T02:19:25.578Z"}
[32minfo[39m: Booted in: 50ms. {"errors":{"_errors":[]},"requestTimeStamp":"2022-05-07T02:19:25.578Z"}
[32minfo[39m: Logger Initialised {"errors":{"_errors":[]},"requestTimeStamp":"2022-05-07T02:22:46.980Z"}
[32minfo[39m: Initialising express server {"errors":{"_errors":[]},"requestTimeStamp":"2022-05-07T02:22:46.980Z"}
[32minfo[39m: Booted in: 65ms. {"errors":{"_errors":[]},"requestTimeStamp":"2022-05-07T02:22:46.980Z"}
[32minfo[39m: Logger Initialised {"errors":{"_errors":[]},"requestTimeStamp":"2022-05-07T02:23:07.538Z"}
[32minfo[39m: Initialising express server {"errors":{"_errors":[]},"requestTimeStamp":"2022-05-07T02:23:07.538Z"}
[32minfo[39m: Booted in: 41ms. {"errors":{"_errors":[]},"requestTimeStamp":"2022-05-07T02:23:07.538Z"}
[32minfo[39m: Logger Initialised {"errors":{"_errors":[]},"requestTimeStamp":"2022-05-07T02:23:42.751Z"}
[32minfo[39m: Initialising express server {"errors":{"_errors":[]},"requestTimeStamp":"2022-05-07T02:23:42.751Z"}
[32minfo[39m: Booted in: 49ms. {"errors":{"_errors":[]},"requestTimeStamp":"2022-05-07T02:23:42.751Z"}
[32minfo[39m: Logger Initialised {"errors":{"_errors":[]},"requestTimeStamp":"2022-05-07T02:24:19.587Z"}
[32minfo[39m: Initialising express server {"errors":{"_errors":[]},"requestTimeStamp":"2022-05-07T02:24:19.587Z"}
[32minfo[39m: Booted in: 68ms. {"errors":{"_errors":[]},"requestTimeStamp":"2022-05-07T02:24:19.587Z"}
[32minfo[39m: Logger Initialised {"errors":{"_errors":[]},"requestTimeStamp":"2022-05-07T02:25:03.753Z"}
[32minfo[39m: Initialising express server {"errors":{"_errors":[]},"requestTimeStamp":"2022-05-07T02:25:03.753Z"}
[32minfo[39m: Booted in: 45ms. {"errors":{"_errors":[]},"requestTimeStamp":"2022-05-07T02:25:03.753Z"}
[32minfo[39m: Logger Initialised {"errors":{"_errors":[]},"requestTimeStamp":"2022-05-07T02:25:33.115Z"}
[32minfo[39m: Initialising express server {"errors":{"_errors":[]},"requestTimeStamp":"2022-05-07T02:25:33.115Z"}
[32minfo[39m: Booted in: 63ms. {"errors":{"_errors":[]},"requestTimeStamp":"2022-05-07T02:25:33.115Z"}
[32minfo[39m: Logger Initialised {"errors":{"_errors":[]},"requestTimeStamp":"2022-05-07T02:25:48.907Z"}
[32minfo[39m: Initialising express server {"errors":{"_errors":[]},"requestTimeStamp":"2022-05-07T02:25:48.907Z"}
[32minfo[39m: Booted in: 56ms. {"errors":{"_errors":[]},"requestTimeStamp":"2022-05-07T02:25:48.907Z"}
[32minfo[39m: Logger Initialised {"errors":{"_errors":[]},"requestTimeStamp":"2022-05-07T02:25:54.129Z"}
[32minfo[39m: Initialising express server {"errors":{"_errors":[]},"requestTimeStamp":"2022-05-07T02:25:54.129Z"}
[32minfo[39m: Booted in: 62ms. {"errors":{"_errors":[]},"requestTimeStamp":"2022-05-07T02:25:54.129Z"}
[32minfo[39m: Logger Initialised {"errors":{"_errors":[]},"requestTimeStamp":"2022-05-07T02:26:23.968Z"}
[32minfo[39m: Initialising express server {"errors":{"_errors":[]},"requestTimeStamp":"2022-05-07T02:26:23.968Z"}
[32minfo[39m: Booted in: 83ms. {"errors":{"_errors":[]},"requestTimeStamp":"2022-05-07T02:26:23.968Z"}
[32minfo[39m: Logger Initialised {"errors":{"_errors":[]},"requestTimeStamp":"2022-05-07T02:26:50.336Z"}
[32minfo[39m: Initialising express server {"errors":{"_errors":[]},"requestTimeStamp":"2022-05-07T02:26:50.336Z"}
[32minfo[39m: Booted in: 57ms. {"errors":{"_errors":[]},"requestTimeStamp":"2022-05-07T02:26:50.336Z"}
